Flutter crash report.
Please report a bug at https://github.com/flutter/flutter/issues.

## command

flutter --quiet assemble --no-version-check --depfile C:\Users\User\StudioProjects\primecare\build\app\intermediates\flutter\debug/flutter_build.d --output C:\Users\User\StudioProjects\primecare\build\app\intermediates\flutter\debug -dTargetFile=lib\main.dart -dTargetPlatform=android -dBuildMode=debug -dTrackWidgetCreation=true --DartDefines=RkxVVFRFUl9WRVJTSU9OPTMuNDQuMQ==,RkxVVFRFUl9DSEFOTkVMPXN0YWJsZQ==,RkxVVFRFUl9HSVRfVVJMPWh0dHBzOi8vZ2l0aHViLmNvbS9mbHV0dGVyL2ZsdXR0ZXIuZ2l0,RkxVVFRFUl9GUkFNRVdPUktfUkVWSVNJT049OTI0MTM0YTQ0Yw==,RkxVVFRFUl9FTkdJTkVfUkVWSVNJT049YzQxNmFjZmViOA==,RkxVVFRFUl9EQVJUX1ZFUlNJT049My4xMi4x -dFlavor= -dAndroidArchs=android-arm android-arm64 android-x64 -dMinSdkVersion=24 debug_android_application

## exception

PathAccessException: PathAccessException: Cannot delete file, path = 'C:\Users\User\StudioProjects\primecare\build\app\intermediates\flutter\debug\flutter_assets\FontManifest.json' (OS Error: Access is denied, errno = 5)

```
#0      _File.throwIfError (dart:io/file_impl.dart:779:7)
#1      _File._deleteSync (dart:io/file_impl.dart:364:5)
#2      FileSystemEntity.deleteSync (dart:io/file_system_entity.dart:425:7)
#3      ForwardingFileSystemEntity.deleteSync (package:file/src/forwarding/forwarding_file_system_entity.dart:70:16)
#4      ForwardingFileSystemEntity.deleteSync (package:file/src/forwarding/forwarding_file_system_entity.dart:70:16)
#5      ErrorHandlingFileSystem.deleteIfExists (package:flutter_tools/src/base/error_handling_io.dart:90:14)
#6      FlutterBuildSystem.trackSharedBuildDirectory (package:flutter_tools/src/build_system/build_system.dart:839:33)
#7      FlutterBuildSystem.build (package:flutter_tools/src/build_system/build_system.dart:713:5)
<asynchronous suspension>
#8      AssembleCommand.runCommand (package:flutter_tools/src/commands/assemble.dart:369:32)
<asynchronous suspension>
#9      FlutterCommand.run.<anonymous closure> (package:flutter_tools/src/runner/flutter_command.dart:1630:27)
<asynchronous suspension>
#10     AppContext.run.<anonymous closure> (package:flutter_tools/src/base/context.dart:154:19)
<asynchronous suspension>
#11     CommandRunner.runCommand (package:args/command_runner.dart:212:13)
<asynchronous suspension>
#12     FlutterCommandRunner.runCommand.<anonymous closure> (package:flutter_tools/src/runner/flutter_command_runner.dart:496:9)
<asynchronous suspension>
#13     AppContext.run.<anonymous closure> (package:flutter_tools/src/base/context.dart:154:19)
<asynchronous suspension>
#14     FlutterCommandRunner.runCommand (package:flutter_tools/src/runner/flutter_command_runner.dart:431:5)
<asynchronous suspension>
#15     FlutterCommandRunner.run.<anonymous closure> (package:flutter_tools/src/runner/flutter_command_runner.dart:307:33)
<asynchronous suspension>
#16     run.<anonymous closure>.<anonymous closure> (package:flutter_tools/runner.dart:104:11)
<asynchronous suspension>
#17     AppContext.run.<anonymous closure> (package:flutter_tools/src/base/context.dart:154:19)
<asynchronous suspension>
#18     main (package:flutter_tools/executable.dart:103:3)
<asynchronous suspension>
```

## flutter doctor

```
[!] Flutter (Channel stable, 3.44.1, on Microsoft Windows [Version 10.0.26200.8524], locale en-GB) [1,073ms]
    • Flutter version 3.44.1 on channel stable at C:\Users\User\Desktop\flutter\flutter
    ! The flutter binary is not on your path. Consider adding C:\Users\User\Desktop\flutter\flutter\bin to your path.
    ! The dart binary is not on your path. Consider adding C:\Users\User\Desktop\flutter\flutter\bin to your path.
    • Upstream repository https://github.com/flutter/flutter.git
    • Framework revision 924134a44c (10 days ago), 2026-05-29 12:13:22 -0400
    • Engine revision c416acfeb8
    • Dart version 3.12.1
    • DevTools version 2.57.0
    • Feature flags: enable-web, enable-linux-desktop, enable-macos-desktop, enable-windows-desktop, enable-android, enable-ios, cli-animations, enable-native-assets, enable-swift-package-manager, omit-legacy-version-file, enable-lldb-debugging, enable-uiscene-migration
    • If those were intentional, you can disregard the above warnings; however it is recommended to use "git" directly to perform update checks and upgrades.

[✓] Windows Version (11 Pro 64-bit, 25H2, 2009) [8.9s]

[!] Android toolchain - develop for Android devices (Android SDK version 37.0.0) [13.0s]
    • Android SDK at C:\Users\User\AppData\Local\Android\Sdk
    • Emulator version 36.6.11.0 (build_id 15507667) (CL:N/A)
    • Platform android-37.0, build-tools 37.0.0
    • ANDROID_HOME = C:\Users\User\AppData\Local\Android\Sdk
    • Java binary at: C:\Program Files\Android\Android Studio1\jbr\bin\java
      This is the JDK bundled with the latest Android Studio installation on this machine.
      To manually set the JDK path, use: `flutter config --jdk-dir="path/to/jdk"`.
    • Java version OpenJDK Runtime Environment (build 21.0.10+-14961533-b1163.108)
    ! Some Android licenses not accepted. To resolve this, run: flutter doctor --android-licenses

[✓] Chrome - develop for the web [37ms]
    • Chrome at C:\Program Files (x86)\Google\Chrome\Application\chrome.exe

[✗] Visual Studio - develop Windows apps [30ms]
    ✗ Visual Studio not installed; this is necessary to develop Windows apps.
      Download at https://visualstudio.microsoft.com/downloads/.
      Please install the "Desktop development with C++" workload, including all of its default components

[✓] Connected device (3 available) [595ms]
    • Windows (desktop) • windows • windows-x64    • Microsoft Windows [Version 10.0.26200.8524]
    • Chrome (web)      • chrome  • web-javascript • Google Chrome 148.0.7778.217
    • Edge (web)        • edge    • web-javascript • Microsoft Edge 149.0.4022.52

[✓] Network resources [1,509ms]
    • All expected network resources are available.

! Doctor found issues in 3 categories.
```
